0 info it worked if it ends with ok
1 verbose cli [ 'node',
1 verbose cli   '/Users/name/.nvm/versions/node/v0.12.0/bin/npm',
1 verbose cli   'install',
1 verbose cli   'https://github.com/jseppi/Leaflet.MakiMarkers#master' ]
2 info using npm@2.11.3
3 info using node@v0.12.0
4 verbose install initial load of /Volumes/Macintosh HD/Users/seanduncan/projects/geoquery/package.json
5 warn package.json geoquery@0.0.1 No README data
6 warn package.json geoquery@0.0.1 license should be a valid SPDX license expression
7 verbose installManyTop reading scoped package data from /Volumes/Macintosh HD/Users/seanduncan/projects/geoquery/node_modules/maki/package.json
8 info package.json maki@0.4.5 No license field.
9 verbose readDependencies loading dependencies from /Volumes/Macintosh HD/Users/seanduncan/projects/geoquery/package.json
10 silly cache add args [ 'https://github.com/jseppi/Leaflet.MakiMarkers#master', null ]
11 verbose cache add spec https://github.com/jseppi/Leaflet.MakiMarkers#master
12 silly cache add parsed spec { raw: 'https://github.com/jseppi/Leaflet.MakiMarkers#master',
12 silly cache add   scope: null,
12 silly cache add   name: null,
12 silly cache add   rawSpec: 'https://github.com/jseppi/Leaflet.MakiMarkers#master',
12 silly cache add   spec: 'git+https://github.com/jseppi/Leaflet.MakiMarkers.git#master',
12 silly cache add   type: 'hosted',
12 silly cache add   hosted:
12 silly cache add    { type: 'github',
12 silly cache add      ssh: 'git@github.com:jseppi/Leaflet.MakiMarkers.git#master',
12 silly cache add      sshUrl: 'git+ssh://git@github.com/jseppi/Leaflet.MakiMarkers.git#master',
12 silly cache add      httpsUrl: 'git+https://github.com/jseppi/Leaflet.MakiMarkers.git#master',
12 silly cache add      gitUrl: 'git://github.com/jseppi/Leaflet.MakiMarkers.git#master',
12 silly cache add      shortcut: 'github:jseppi/Leaflet.MakiMarkers#master',
12 silly cache add      directUrl: 'https://raw.githubusercontent.com/jseppi/Leaflet.MakiMarkers/master/package.json' } }
13 verbose addRemoteGit caching https://github.com/jseppi/Leaflet.MakiMarkers#master
14 verbose addRemoteGit git+https://github.com/jseppi/Leaflet.MakiMarkers.git#master is a repository hosted by github
15 silly tryClone cloning git+https://github.com/jseppi/Leaflet.MakiMarkers.git#master via git+https://github.com/jseppi/Leaflet.MakiMarkers.git#master
16 verbose tryClone https-github-com-jseppi-Leaflet-MakiMarkers-git-fd018573 not in flight; caching
17 info git [ 'config', '--get', 'remote.origin.url' ]
18 silly validateExistingRemote git+https://github.com/jseppi/Leaflet.MakiMarkers.git#master remote.origin.url: https://github.com/jseppi/Leaflet.MakiMarkers.git
19 verbose validateExistingRemote git+https://github.com/jseppi/Leaflet.MakiMarkers.git#master is updating existing cached remote /Users/name/.npm/_git-remotes/https-github-com-jseppi-Leaflet-MakiMarkers-git-fd018573
20 info git [ 'fetch', '-a', 'origin' ]
21 verbose updateRemote git fetch -a origin (https://github.com/jseppi/Leaflet.MakiMarkers.git)
22 verbose setPermissions git+https://github.com/jseppi/Leaflet.MakiMarkers.git#master set permissions on /Users/name/.npm/_git-remotes/https-github-com-jseppi-Leaflet-MakiMarkers-git-fd018573
23 verbose resolveHead git+https://github.com/jseppi/Leaflet.MakiMarkers.git#master original treeish: master
24 info git [ 'rev-list', '-n1', 'master' ]
25 silly resolveHead git+https://github.com/jseppi/Leaflet.MakiMarkers.git#master resolved treeish: 4dc725dfc816cc4d1c6738e1cf668729b15c6fb9
26 verbose resolveHead git+https://github.com/jseppi/Leaflet.MakiMarkers.git#master resolved Git URL: git+https://github.com/jseppi/Leaflet.MakiMarkers.git#4dc725dfc816cc4d1c6738e1cf668729b15c6fb9
27 silly resolveHead Git working directory: /var/folders/tO/tO27p4UsFJm8HD-kq+eQj++++TM/-Tmp-/npm-83673-e182fc31/git-cache-2d410f4cf343/4dc725dfc816cc4d1c6738e1cf668729b15c6fb9
28 info git [ 'clone',
28 info git   '/Users/name/.npm/_git-remotes/https-github-com-jseppi-Leaflet-MakiMarkers-git-fd018573',
28 info git   '/var/folders/tO/tO27p4UsFJm8HD-kq+eQj++++TM/-Tmp-/npm-83673-e182fc31/git-cache-2d410f4cf343/4dc725dfc816cc4d1c6738e1cf668729b15c6fb9' ]
29 verbose cloneResolved git+https://github.com/jseppi/Leaflet.MakiMarkers.git#master clone Cloning into '/var/folders/tO/tO27p4UsFJm8HD-kq+eQj++++TM/-Tmp-/npm-83673-e182fc31/git-cache-2d410f4cf343/4dc725dfc816cc4d1c6738e1cf668729b15c6fb9'...
29 verbose cloneResolved done.
30 info git [ 'checkout', '4dc725dfc816cc4d1c6738e1cf668729b15c6fb9' ]
31 verbose checkoutTreeish git+https://github.com/jseppi/Leaflet.MakiMarkers.git#master checkout Note: checking out '4dc725dfc816cc4d1c6738e1cf668729b15c6fb9'.
31 verbose checkoutTreeish
31 verbose checkoutTreeish You are in 'detached HEAD' state. You can look around, make experimental
31 verbose checkoutTreeish changes and commit them, and you can discard any commits you make in this
31 verbose checkoutTreeish state without impacting any branches by performing another checkout.
31 verbose checkoutTreeish
31 verbose checkoutTreeish If you want to create a new branch to retain commits you create, you may
31 verbose checkoutTreeish do so (now or later) by using -b with the checkout command again. Example:
31 verbose checkoutTreeish
31 verbose checkoutTreeish   git checkout -b new_branch_name
31 verbose checkoutTreeish
31 verbose checkoutTreeish HEAD is now at 4dc725d... Remove bitdeli
32 error addLocal Could not install /var/folders/tO/tO27p4UsFJm8HD-kq+eQj++++TM/-Tmp-/npm-83673-e182fc31/git-cache-2d410f4cf343/4dc725dfc816cc4d1c6738e1cf668729b15c6fb9
33 verbose stack Error: EISDIR, read
33 verbose stack     at Error (native)
34 verbose cwd /Volumes/Macintosh HD/Users/seanduncan/projects/geoquery
35 error Darwin 10.8.0
36 error argv "node" "/Users/name/.nvm/versions/node/v0.12.0/bin/npm" "install" "https://github.com/jseppi/Leaflet.MakiMarkers#master"
37 error node v0.12.0
38 error npm  v2.11.3
39 error code EISDIR
40 error errno -21
41 error EISDIR, read
42 error If you need help, you may report this error at:
42 error     <https://github.com/npm/npm/issues>
43 verbose exit [ -21, true ]
